<?xml version="1.0" encoding="UTF-8"?>
<testng-results ignored="0" total="3" passed="3" failed="0" skipped="0">
  <reporter-output>
  </reporter-output>
  <suite started-at="2023-03-07T20:18:54 GST" name="Default suite" finished-at="2023-03-07T20:18:58 GST" duration-ms="3746">
    <groups>
    </groups>
    <test started-at="2023-03-07T20:18:54 GST" name="Default test" finished-at="2023-03-07T20:18:58 GST" duration-ms="3746">
      <class name="MyTestCases">
        <test-method is-config="true" signature="mysetup()[pri:0, instance:MyTestCases@5bdaf2ce]" started-at="2023-03-07T20:18:54 GST" name="mysetup" finished-at="2023-03-07T20:18:57 GST" duration-ms="2786" status="PASS">
          <reporter-output>
          </reporter-output>
        </test-method> <!-- mysetup -->
        <test-method signature="Randomly_select_number_of_visitor()[pri:0, instance:MyTestCases@5bdaf2ce]" started-at="2023-03-07T20:18:57 GST" name="Randomly_select_number_of_visitor" finished-at="2023-03-07T20:18:57 GST" duration-ms="389" status="PASS">
          <reporter-output>
          </reporter-output>
        </test-method> <!-- Randomly_select_number_of_visitor -->
        <test-method signature="Randomly_select_number_of_visitor()[pri:0, instance:MyTestCases@5bdaf2ce]" started-at="2023-03-07T20:18:57 GST" name="Randomly_select_number_of_visitor" finished-at="2023-03-07T20:18:57 GST" duration-ms="173" status="PASS">
          <reporter-output>
          </reporter-output>
        </test-method> <!-- Randomly_select_number_of_visitor -->
        <test-method signature="Randomly_select_number_of_visitor()[pri:0, instance:MyTestCases@5bdaf2ce]" started-at="2023-03-07T20:18:57 GST" name="Randomly_select_number_of_visitor" finished-at="2023-03-07T20:18:58 GST" duration-ms="349" status="PASS">
          <reporter-output>
          </reporter-output>
        </test-method> <!-- Randomly_select_number_of_visitor -->
      </class> <!-- MyTestCases -->
    </test> <!-- Default test -->
  </suite> <!-- Default suite -->
</testng-results>
