<?xml version="1.0" encoding="UTF-8"?>
<!-- Generated by org.testng.reporters.JUnitXMLReporter -->
<testsuite ignored="0" hostname="DESKTOP-32CF19A" failures="0" tests="3" name="Default test" time="3.746" errors="0" timestamp="2023-03-07T20:18:58 GST">
  <testcase classname="MyTestCases" name="Randomly_select_number_of_visitor" time="0.389"/>
  <testcase classname="MyTestCases" name="Randomly_select_number_of_visitor" time="0.173"/>
  <testcase classname="MyTestCases" name="Randomly_select_number_of_visitor" time="0.349"/>
</testsuite> <!-- Default test -->
