<?xml version="1.0" encoding="UTF-8"?>
<testng-results ignored="0" total="1" passed="1" failed="0" skipped="0">
  <reporter-output>
  </reporter-output>
  <suite started-at="2023-04-12T00:59:15 GST" name="Default suite" finished-at="2023-04-12T00:59:52 GST" duration-ms="37224">
    <groups>
    </groups>
    <test started-at="2023-04-12T00:59:15 GST" name="Default test" finished-at="2023-04-12T00:59:52 GST" duration-ms="37224">
      <class name="appium.MyClass">
        <test-method is-config="true" signature="myBeforeTestAndSetup()[pri:0, instance:appium.MyClass@f5ac9e4]" started-at="2023-04-12T00:59:15 GST" name="myBeforeTestAndSetup" finished-at="2023-04-12T00:59:52 GST" duration-ms="37077" status="PASS">
          <reporter-output>
          </reporter-output>
        </test-method> <!-- myBeforeTestAndSetup -->
        <test-method signature="MyFirstTest()[pri:0, instance:appium.MyClass@f5ac9e4]" started-at="2023-04-12T00:59:52 GST" name="MyFirstTest" finished-at="2023-04-12T00:59:52 GST" duration-ms="35" status="PASS">
          <reporter-output>
          </reporter-output>
        </test-method> <!-- MyFirstTest -->
        <test-method is-config="true" signature="AfterTestAndFinish()[pri:0, instance:appium.MyClass@f5ac9e4]" started-at="2023-04-12T00:59:52 GST" name="AfterTestAndFinish" finished-at="2023-04-12T00:59:52 GST" duration-ms="1" status="PASS">
          <reporter-output>
          </reporter-output>
        </test-method> <!-- AfterTestAndFinish -->
      </class> <!-- appium.MyClass -->
    </test> <!-- Default test -->
  </suite> <!-- Default suite -->
</testng-results>
